Build started 06/12/2011 18:59:38.
     1>Project "D:\Uni Work\Year2\IntroTo3D\Week8\Intro3DAssignment\Intro3DAssignment\Intro3DAssignment.vcxproj" on node 2 (build target(s)).
     1>InitializeBuildStatus:
         Creating "Release\Intro3DAssignment.unsuccessfulbuild" because "AlwaysCreate" was specified.
       ClCompile:
         All outputs are up-to-date.
         C:\Program Files (x86)\Microsoft Visual Studio 10.0\VC\bin\CL.exe /c /Zi /nologo /W3 /WX- /O2 /Oi /Oy- /GL /D WIN32 /D NDEBUG /D _WINDOWS /D _UNICODE /D UNICODE /Gm- /EHsc /MD /GS /Gy /fp:precise /Zc:wchar_t /Zc:forScope /Yu"StdAfx.h" /Fp"Release\Intro3DAssignment.pch" /Fo"Release\\" /Fd"Release\vc100.pdb" /Gd /TP /analyze- /errorReport:prompt AppEngine.cpp
         AppEngine.cpp
       ResourceCompile:
         All outputs are up-to-date.
       Link:
         C:\Program Files (x86)\Microsoft Visual Studio 10.0\VC\bin\link.exe /ERRORREPORT:PROMPT /OUT:"D:\Uni Work\Year2\IntroTo3D\Week8\Intro3DAssignment\Release\Intro3DAssignment.exe" /INCREMENTAL:NO /NOLOGO kernel32.lib user32.lib gdi32.lib winspool.lib comdlg32.lib advapi32.lib shell32.lib ole32.lib oleaut32.lib uuid.lib odbc32.lib odbccp32.lib /MANIFEST /ManifestFile:"Release\Intro3DAssignment.exe.intermediate.manifest" /MANIFESTUAC:"level='asInvoker' uiAccess='false'" /DEBUG /PDB:"D:\Uni Work\Year2\IntroTo3D\Week8\Intro3DAssignment\Release\Intro3DAssignment.pdb" /SUBSYSTEM:WINDOWS /OPT:REF /OPT:ICF /LTCG /TLBID:1 /DYNAMICBASE /NXCOMPAT /IMPLIB:"D:\Uni Work\Year2\IntroTo3D\Week8\Intro3DAssignment\Release\Intro3DAssignment.lib" /MACHINE:X86 Release\Intro3DAssignment.res
         Release\AmbientLight.obj
         Release\AppEngine.obj
         Release\Camera.obj
         Release\DirectionalLight.obj
         Release\Intro3DAssignment.obj
         Release\Matrix3D.obj
         Release\MD2Loader.obj
         Release\Model3D.obj
         Release\PointLight.obj
         Release\Polygon3D.obj
         Release\Rasterizer.obj
         Release\stdafx.obj
         Release\Texels.obj
         Release\Vector3D.obj
         Release\Vertex.obj
         Generating code
         Finished generating code
         Intro3DAssignment.vcxproj -> D:\Uni Work\Year2\IntroTo3D\Week8\Intro3DAssignment\Release\Intro3DAssignment.exe
       Manifest:
         C:\Program Files (x86)\Microsoft SDKs\Windows\v7.0A\bin\mt.exe /nologo /verbose /outputresource:"D:\Uni Work\Year2\IntroTo3D\Week8\Intro3DAssignment\Release\Intro3DAssignment.exe;#1" /manifest Release\Intro3DAssignment.exe.intermediate.manifest
       FinalizeBuildStatus:
         Deleting file "Release\Intro3DAssignment.unsuccessfulbuild".
         Touching "Release\Intro3DAssignment.lastbuildstate".
     1>Done Building Project "D:\Uni Work\Year2\IntroTo3D\Week8\Intro3DAssignment\Intro3DAssignment\Intro3DAssignment.vcxproj" (build target(s)).

Build succeeded.

Time Elapsed 00:00:08.61
