T:\YEAR2\INTROTO3D\WEEK7\INTRO3DASSIGNMENT\INTRO3DASSIGNMENT\RELEASE\AMBIENTLIGHT.OBJ
T:\YEAR2\INTROTO3D\WEEK7\INTRO3DASSIGNMENT\INTRO3DASSIGNMENT\RELEASE\APPENGINE.OBJ
T:\YEAR2\INTROTO3D\WEEK7\INTRO3DASSIGNMENT\INTRO3DASSIGNMENT\RELEASE\CAMERA.OBJ
T:\Year2\IntroTo3D\Week7\Intro3DAssignment\Intro3DAssignment\Release\cl.command.1.tlog
T:\Year2\IntroTo3D\Week7\Intro3DAssignment\Intro3DAssignment\Release\CL.read.1.tlog
T:\Year2\IntroTo3D\Week7\Intro3DAssignment\Intro3DAssignment\Release\CL.write.1.tlog
T:\YEAR2\INTROTO3D\WEEK7\INTRO3DASSIGNMENT\INTRO3DASSIGNMENT\RELEASE\DIRECTIONALLIGHT.OBJ
T:\YEAR2\INTROTO3D\WEEK7\INTRO3DASSIGNMENT\INTRO3DASSIGNMENT\RELEASE\INTRO3DASSIGNMENT.EXE.INTERMEDIATE.MANIFEST
T:\YEAR2\INTROTO3D\WEEK7\INTRO3DASSIGNMENT\INTRO3DASSIGNMENT\RELEASE\INTRO3DASSIGNMENT.OBJ
T:\YEAR2\INTROTO3D\WEEK7\INTRO3DASSIGNMENT\INTRO3DASSIGNMENT\RELEASE\INTRO3DASSIGNMENT.PCH
T:\YEAR2\INTROTO3D\WEEK7\INTRO3DASSIGNMENT\INTRO3DASSIGNMENT\RELEASE\INTRO3DASSIGNMENT.RES
T:\Year2\IntroTo3D\Week7\Intro3DAssignment\Intro3DAssignment\Release\link.command.1.tlog
T:\Year2\IntroTo3D\Week7\Intro3DAssignment\Intro3DAssignment\Release\link.read.1.tlog
T:\Year2\IntroTo3D\Week7\Intro3DAssignment\Intro3DAssignment\Release\link.write.1.tlog
T:\Year2\IntroTo3D\Week7\Intro3DAssignment\Intro3DAssignment\Release\link-cvtres.read.1.tlog
T:\Year2\IntroTo3D\Week7\Intro3DAssignment\Intro3DAssignment\Release\link-cvtres.write.1.tlog
T:\YEAR2\INTROTO3D\WEEK7\INTRO3DASSIGNMENT\INTRO3DASSIGNMENT\RELEASE\MATRIX3D.OBJ
T:\YEAR2\INTROTO3D\WEEK7\INTRO3DASSIGNMENT\INTRO3DASSIGNMENT\RELEASE\MD2LOADER.OBJ
T:\YEAR2\INTROTO3D\WEEK7\INTRO3DASSIGNMENT\INTRO3DASSIGNMENT\RELEASE\MODEL3D.OBJ
T:\Year2\IntroTo3D\Week7\Intro3DAssignment\Intro3DAssignment\Release\mt.command.1.tlog
T:\Year2\IntroTo3D\Week7\Intro3DAssignment\Intro3DAssignment\Release\mt.read.1.tlog
T:\Year2\IntroTo3D\Week7\Intro3DAssignment\Intro3DAssignment\Release\mt.write.1.tlog
T:\YEAR2\INTROTO3D\WEEK7\INTRO3DASSIGNMENT\INTRO3DASSIGNMENT\RELEASE\POINTLIGHT.OBJ
T:\YEAR2\INTROTO3D\WEEK7\INTRO3DASSIGNMENT\INTRO3DASSIGNMENT\RELEASE\POLYGON3D.OBJ
T:\YEAR2\INTROTO3D\WEEK7\INTRO3DASSIGNMENT\INTRO3DASSIGNMENT\RELEASE\RASTERIZER.OBJ
T:\Year2\IntroTo3D\Week7\Intro3DAssignment\Intro3DAssignment\Release\rc.command.1.tlog
T:\Year2\IntroTo3D\Week7\Intro3DAssignment\Intro3DAssignment\Release\rc.read.1.tlog
T:\Year2\IntroTo3D\Week7\Intro3DAssignment\Intro3DAssignment\Release\rc.write.1.tlog
T:\YEAR2\INTROTO3D\WEEK7\INTRO3DASSIGNMENT\INTRO3DASSIGNMENT\RELEASE\STDAFX.OBJ
T:\YEAR2\INTROTO3D\WEEK7\INTRO3DASSIGNMENT\INTRO3DASSIGNMENT\RELEASE\VC100.PDB
T:\YEAR2\INTROTO3D\WEEK7\INTRO3DASSIGNMENT\INTRO3DASSIGNMENT\RELEASE\VECTOR3D.OBJ
T:\YEAR2\INTROTO3D\WEEK7\INTRO3DASSIGNMENT\INTRO3DASSIGNMENT\RELEASE\VERTEX.OBJ
T:\YEAR2\INTROTO3D\WEEK7\INTRO3DASSIGNMENT\RELEASE\INTRO3DASSIGNMENT.EXE
T:\YEAR2\INTROTO3D\WEEK7\INTRO3DASSIGNMENT\RELEASE\INTRO3DASSIGNMENT.PDB
