Build started 27/12/2012 11:44:41.
     1>Project "D:\Uni Work\Year2\IntroTo3D\Intro3DAssignment\Intro3DAssignment\Intro3DAssignment.vcxproj" on node 2 (build target(s)).
     1>InitializeBuildStatus:
         Creating "Debug\Intro3DAssignment.unsuccessfulbuild" because "AlwaysCreate" was specified.
       ClCompile:
         All outputs are up-to-date.
         C:\Program Files (x86)\Microsoft Visual Studio 10.0\VC\bin\CL.exe /c /ZI /nologo /W3 /WX- /Od /Oy- /D WIN32 /D _DEBUG /D _WINDOWS /D _UNICODE /D UNICODE /Gm /EHsc /RTC1 /MDd /GS /fp:precise /Zc:wchar_t /Zc:forScope /Yu"StdAfx.h" /Fp"Debug\Intro3DAssignment.pch" /Fo"Debug\\" /Fd"Debug\vc100.pdb" /Gd /TP /analyze- /errorReport:prompt AppEngine.cpp
         AppEngine.cpp
       ResourceCompile:
         All outputs are up-to-date.
       ManifestResourceCompile:
         All outputs are up-to-date.
       Link:
         C:\Program Files (x86)\Microsoft Visual Studio 10.0\VC\bin\link.exe /ERRORREPORT:PROMPT /OUT:"D:\Uni Work\Year2\IntroTo3D\Intro3DAssignment\Debug\Intro3DAssignment.exe" /INCREMENTAL /NOLOGO kernel32.lib user32.lib gdi32.lib winspool.lib comdlg32.lib advapi32.lib shell32.lib ole32.lib oleaut32.lib uuid.lib odbc32.lib odbccp32.lib /MANIFEST /ManifestFile:"Debug\Intro3DAssignment.exe.intermediate.manifest" /MANIFESTUAC:"level='asInvoker' uiAccess='false'" /DEBUG /PDB:"D:\Uni Work\Year2\IntroTo3D\Intro3DAssignment\Debug\Intro3DAssignment.pdb" /SUBSYSTEM:WINDOWS /TLBID:1 /DYNAMICBASE /NXCOMPAT /IMPLIB:"D:\Uni Work\Year2\IntroTo3D\Intro3DAssignment\Debug\Intro3DAssignment.lib" /MACHINE:X86 Debug\Intro3DAssignment.res
         Debug\Intro3DAssignment.exe.embed.manifest.res
         Debug\AmbientLight.obj
         Debug\AppEngine.obj
         Debug\Camera.obj
         Debug\DirectionalLight.obj
         Debug\Intro3DAssignment.obj
         Debug\Matrix3D.obj
         Debug\MD2Loader.obj
         Debug\Model3D.obj
         Debug\PointLight.obj
         Debug\Polygon3D.obj
         Debug\Rasterizer.obj
         Debug\stdafx.obj
         Debug\Texels.obj
         Debug\Vector3D.obj
         Debug\Vertex.obj
       Manifest:
         C:\Program Files (x86)\Microsoft SDKs\Windows\v7.0A\bin\mt.exe /nologo /verbose /out:"Debug\Intro3DAssignment.exe.embed.manifest" /manifest Debug\Intro3DAssignment.exe.intermediate.manifest
         All outputs are up-to-date.
       LinkEmbedManifest:
         All outputs are up-to-date.
         Intro3DAssignment.vcxproj -> D:\Uni Work\Year2\IntroTo3D\Intro3DAssignment\Debug\Intro3DAssignment.exe
       FinalizeBuildStatus:
         Deleting file "Debug\Intro3DAssignment.unsuccessfulbuild".
         Touching "Debug\Intro3DAssignment.lastbuildstate".
     1>Done Building Project "D:\Uni Work\Year2\IntroTo3D\Intro3DAssignment\Intro3DAssignment\Intro3DAssignment.vcxproj" (build target(s)).

Build succeeded.

Time Elapsed 00:00:02.66
