D:\UNI WORK\YEAR2\INTROTO3D\WEEK8\INTRO3DASSIGNMENT\DEBUG\INTRO3DASSIGNMENT.EXE
D:\UNI WORK\YEAR2\INTROTO3D\WEEK8\INTRO3DASSIGNMENT\DEBUG\INTRO3DASSIGNMENT.PDB
D:\UNI WORK\YEAR2\INTROTO3D\WEEK8\INTRO3DASSIGNMENT\INTRO3DASSIGNMENT\DEBUG\AMBIENTLIGHT.OBJ
D:\UNI WORK\YEAR2\INTROTO3D\WEEK8\INTRO3DASSIGNMENT\INTRO3DASSIGNMENT\DEBUG\APPENGINE.OBJ
D:\UNI WORK\YEAR2\INTROTO3D\WEEK8\INTRO3DASSIGNMENT\INTRO3DASSIGNMENT\DEBUG\CAMERA.OBJ
D:\UNI WORK\YEAR2\INTROTO3D\WEEK8\INTRO3DASSIGNMENT\INTRO3DASSIGNMENT\DEBUG\DIRECTIONALLIGHT.OBJ
D:\UNI WORK\YEAR2\INTROTO3D\WEEK8\INTRO3DASSIGNMENT\INTRO3DASSIGNMENT\DEBUG\INTRO3DASSIGNMENT.EXE.EMBED.MANIFEST
D:\UNI WORK\YEAR2\INTROTO3D\WEEK8\INTRO3DASSIGNMENT\INTRO3DASSIGNMENT\DEBUG\INTRO3DASSIGNMENT.EXE.EMBED.MANIFEST.RES
D:\UNI WORK\YEAR2\INTROTO3D\WEEK8\INTRO3DASSIGNMENT\INTRO3DASSIGNMENT\DEBUG\INTRO3DASSIGNMENT.EXE.INTERMEDIATE.MANIFEST
D:\UNI WORK\YEAR2\INTROTO3D\WEEK8\INTRO3DASSIGNMENT\INTRO3DASSIGNMENT\DEBUG\INTRO3DASSIGNMENT.OBJ
D:\UNI WORK\YEAR2\INTROTO3D\WEEK8\INTRO3DASSIGNMENT\INTRO3DASSIGNMENT\DEBUG\INTRO3DASSIGNMENT.PCH
D:\UNI WORK\YEAR2\INTROTO3D\WEEK8\INTRO3DASSIGNMENT\INTRO3DASSIGNMENT\DEBUG\INTRO3DASSIGNMENT.RES
D:\UNI WORK\YEAR2\INTROTO3D\WEEK8\INTRO3DASSIGNMENT\INTRO3DASSIGNMENT\DEBUG\MATRIX3D.OBJ
D:\UNI WORK\YEAR2\INTROTO3D\WEEK8\INTRO3DASSIGNMENT\INTRO3DASSIGNMENT\DEBUG\MD2LOADER.OBJ
D:\UNI WORK\YEAR2\INTROTO3D\WEEK8\INTRO3DASSIGNMENT\INTRO3DASSIGNMENT\DEBUG\MODEL3D.OBJ
D:\UNI WORK\YEAR2\INTROTO3D\WEEK8\INTRO3DASSIGNMENT\INTRO3DASSIGNMENT\DEBUG\POINTLIGHT.OBJ
D:\UNI WORK\YEAR2\INTROTO3D\WEEK8\INTRO3DASSIGNMENT\INTRO3DASSIGNMENT\DEBUG\POLYGON3D.OBJ
D:\UNI WORK\YEAR2\INTROTO3D\WEEK8\INTRO3DASSIGNMENT\INTRO3DASSIGNMENT\DEBUG\RASTERIZER.OBJ
D:\UNI WORK\YEAR2\INTROTO3D\WEEK8\INTRO3DASSIGNMENT\INTRO3DASSIGNMENT\DEBUG\STDAFX.OBJ
D:\UNI WORK\YEAR2\INTROTO3D\WEEK8\INTRO3DASSIGNMENT\INTRO3DASSIGNMENT\DEBUG\TEXELS.OBJ
D:\UNI WORK\YEAR2\INTROTO3D\WEEK8\INTRO3DASSIGNMENT\INTRO3DASSIGNMENT\DEBUG\VC100.PDB
D:\UNI WORK\YEAR2\INTROTO3D\WEEK8\INTRO3DASSIGNMENT\INTRO3DASSIGNMENT\DEBUG\VECTOR3D.OBJ
D:\UNI WORK\YEAR2\INTROTO3D\WEEK8\INTRO3DASSIGNMENT\INTRO3DASSIGNMENT\DEBUG\VERTEX.OBJ
T:\YEAR2\INTROTO3D\WEEK8\INTRO3DASSIGNMENT\DEBUG\INTRO3DASSIGNMENT.EXE
T:\YEAR2\INTROTO3D\WEEK8\INTRO3DASSIGNMENT\DEBUG\INTRO3DASSIGNMENT.PDB
T:\YEAR2\INTROTO3D\WEEK8\INTRO3DASSIGNMENT\INTRO3DASSIGNMENT\DEBUG\AMBIENTLIGHT.OBJ
T:\YEAR2\INTROTO3D\WEEK8\INTRO3DASSIGNMENT\INTRO3DASSIGNMENT\DEBUG\APPENGINE.OBJ
T:\YEAR2\INTROTO3D\WEEK8\INTRO3DASSIGNMENT\INTRO3DASSIGNMENT\DEBUG\CAMERA.OBJ
T:\Year2\IntroTo3D\Week8\Intro3DAssignment\Intro3DAssignment\Debug\cl.command.1.tlog
T:\Year2\IntroTo3D\Week8\Intro3DAssignment\Intro3DAssignment\Debug\CL.read.1.tlog
T:\Year2\IntroTo3D\Week8\Intro3DAssignment\Intro3DAssignment\Debug\CL.write.1.tlog
T:\YEAR2\INTROTO3D\WEEK8\INTRO3DASSIGNMENT\INTRO3DASSIGNMENT\DEBUG\DIRECTIONALLIGHT.OBJ
T:\Year2\IntroTo3D\Week8\Intro3DAssignment\Intro3DAssignment\Debug\Intro3DAssignment.exe.embed.manifest
T:\YEAR2\INTROTO3D\WEEK8\INTRO3DASSIGNMENT\INTRO3DASSIGNMENT\DEBUG\INTRO3DASSIGNMENT.EXE.EMBED.MANIFEST.RES
T:\YEAR2\INTROTO3D\WEEK8\INTRO3DASSIGNMENT\INTRO3DASSIGNMENT\DEBUG\INTRO3DASSIGNMENT.EXE.INTERMEDIATE.MANIFEST
T:\YEAR2\INTROTO3D\WEEK8\INTRO3DASSIGNMENT\INTRO3DASSIGNMENT\DEBUG\INTRO3DASSIGNMENT.OBJ
T:\YEAR2\INTROTO3D\WEEK8\INTRO3DASSIGNMENT\INTRO3DASSIGNMENT\DEBUG\INTRO3DASSIGNMENT.PCH
T:\YEAR2\INTROTO3D\WEEK8\INTRO3DASSIGNMENT\INTRO3DASSIGNMENT\DEBUG\INTRO3DASSIGNMENT.RES
T:\Year2\IntroTo3D\Week8\Intro3DAssignment\Intro3DAssignment\Debug\Intro3DAssignment_manifest.rc
T:\Year2\IntroTo3D\Week8\Intro3DAssignment\Intro3DAssignment\Debug\link.1216.read.1.tlog
T:\Year2\IntroTo3D\Week8\Intro3DAssignment\Intro3DAssignment\Debug\link.1216.write.1.tlog
T:\Year2\IntroTo3D\Week8\Intro3DAssignment\Intro3DAssignment\Debug\link.1216-cvtres.read.1.tlog
T:\Year2\IntroTo3D\Week8\Intro3DAssignment\Intro3DAssignment\Debug\link.1216-cvtres.write.1.tlog
T:\Year2\IntroTo3D\Week8\Intro3DAssignment\Intro3DAssignment\Debug\link.1228.read.1.tlog
T:\Year2\IntroTo3D\Week8\Intro3DAssignment\Intro3DAssignment\Debug\link.1228.write.1.tlog
T:\Year2\IntroTo3D\Week8\Intro3DAssignment\Intro3DAssignment\Debug\link.1228-cvtres.read.1.tlog
T:\Year2\IntroTo3D\Week8\Intro3DAssignment\Intro3DAssignment\Debug\link.1228-cvtres.write.1.tlog
T:\Year2\IntroTo3D\Week8\Intro3DAssignment\Intro3DAssignment\Debug\link.1312.read.1.tlog
T:\Year2\IntroTo3D\Week8\Intro3DAssignment\Intro3DAssignment\Debug\link.1312.write.1.tlog
T:\Year2\IntroTo3D\Week8\Intro3DAssignment\Intro3DAssignment\Debug\link.1312-cvtres.read.1.tlog
T:\Year2\IntroTo3D\Week8\Intro3DAssignment\Intro3DAssignment\Debug\link.1312-cvtres.write.1.tlog
T:\Year2\IntroTo3D\Week8\Intro3DAssignment\Intro3DAssignment\Debug\link.1628.read.1.tlog
T:\Year2\IntroTo3D\Week8\Intro3DAssignment\Intro3DAssignment\Debug\link.1628.write.1.tlog
T:\Year2\IntroTo3D\Week8\Intro3DAssignment\Intro3DAssignment\Debug\link.1628-cvtres.read.1.tlog
T:\Year2\IntroTo3D\Week8\Intro3DAssignment\Intro3DAssignment\Debug\link.1628-cvtres.write.1.tlog
T:\Year2\IntroTo3D\Week8\Intro3DAssignment\Intro3DAssignment\Debug\link.1812.read.1.tlog
T:\Year2\IntroTo3D\Week8\Intro3DAssignment\Intro3DAssignment\Debug\link.1812.write.1.tlog
T:\Year2\IntroTo3D\Week8\Intro3DAssignment\Intro3DAssignment\Debug\link.1812-cvtres.read.1.tlog
T:\Year2\IntroTo3D\Week8\Intro3DAssignment\Intro3DAssignment\Debug\link.1812-cvtres.write.1.tlog
T:\Year2\IntroTo3D\Week8\Intro3DAssignment\Intro3DAssignment\Debug\link.2392.read.1.tlog
T:\Year2\IntroTo3D\Week8\Intro3DAssignment\Intro3DAssignment\Debug\link.2392.write.1.tlog
T:\Year2\IntroTo3D\Week8\Intro3DAssignment\Intro3DAssignment\Debug\link.2392-cvtres.read.1.tlog
T:\Year2\IntroTo3D\Week8\Intro3DAssignment\Intro3DAssignment\Debug\link.2392-cvtres.write.1.tlog
T:\Year2\IntroTo3D\Week8\Intro3DAssignment\Intro3DAssignment\Debug\link.2916.read.1.tlog
T:\Year2\IntroTo3D\Week8\Intro3DAssignment\Intro3DAssignment\Debug\link.2916.write.1.tlog
T:\Year2\IntroTo3D\Week8\Intro3DAssignment\Intro3DAssignment\Debug\link.2916-cvtres.read.1.tlog
T:\Year2\IntroTo3D\Week8\Intro3DAssignment\Intro3DAssignment\Debug\link.2916-cvtres.write.1.tlog
T:\Year2\IntroTo3D\Week8\Intro3DAssignment\Intro3DAssignment\Debug\link.3092.read.1.tlog
T:\Year2\IntroTo3D\Week8\Intro3DAssignment\Intro3DAssignment\Debug\link.3092.write.1.tlog
T:\Year2\IntroTo3D\Week8\Intro3DAssignment\Intro3DAssignment\Debug\link.3092-cvtres.read.1.tlog
T:\Year2\IntroTo3D\Week8\Intro3DAssignment\Intro3DAssignment\Debug\link.3092-cvtres.write.1.tlog
T:\Year2\IntroTo3D\Week8\Intro3DAssignment\Intro3DAssignment\Debug\link.3128.read.1.tlog
T:\Year2\IntroTo3D\Week8\Intro3DAssignment\Intro3DAssignment\Debug\link.3128.write.1.tlog
T:\Year2\IntroTo3D\Week8\Intro3DAssignment\Intro3DAssignment\Debug\link.3128-cvtres.read.1.tlog
T:\Year2\IntroTo3D\Week8\Intro3DAssignment\Intro3DAssignment\Debug\link.3128-cvtres.write.1.tlog
T:\Year2\IntroTo3D\Week8\Intro3DAssignment\Intro3DAssignment\Debug\link.3624.read.1.tlog
T:\Year2\IntroTo3D\Week8\Intro3DAssignment\Intro3DAssignment\Debug\link.3624.write.1.tlog
T:\Year2\IntroTo3D\Week8\Intro3DAssignment\Intro3DAssignment\Debug\link.3624-cvtres.read.1.tlog
T:\Year2\IntroTo3D\Week8\Intro3DAssignment\Intro3DAssignment\Debug\link.3624-cvtres.write.1.tlog
T:\Year2\IntroTo3D\Week8\Intro3DAssignment\Intro3DAssignment\Debug\link.3700.read.1.tlog
T:\Year2\IntroTo3D\Week8\Intro3DAssignment\Intro3DAssignment\Debug\link.3700.write.1.tlog
T:\Year2\IntroTo3D\Week8\Intro3DAssignment\Intro3DAssignment\Debug\link.3700-cvtres.read.1.tlog
T:\Year2\IntroTo3D\Week8\Intro3DAssignment\Intro3DAssignment\Debug\link.3700-cvtres.write.1.tlog
T:\Year2\IntroTo3D\Week8\Intro3DAssignment\Intro3DAssignment\Debug\link.3764.read.1.tlog
T:\Year2\IntroTo3D\Week8\Intro3DAssignment\Intro3DAssignment\Debug\link.3764.write.1.tlog
T:\Year2\IntroTo3D\Week8\Intro3DAssignment\Intro3DAssignment\Debug\link.3764-cvtres.read.1.tlog
T:\Year2\IntroTo3D\Week8\Intro3DAssignment\Intro3DAssignment\Debug\link.3764-cvtres.write.1.tlog
T:\Year2\IntroTo3D\Week8\Intro3DAssignment\Intro3DAssignment\Debug\link.3968.read.1.tlog
T:\Year2\IntroTo3D\Week8\Intro3DAssignment\Intro3DAssignment\Debug\link.3968.write.1.tlog
T:\Year2\IntroTo3D\Week8\Intro3DAssignment\Intro3DAssignment\Debug\link.3968-cvtres.read.1.tlog
T:\Year2\IntroTo3D\Week8\Intro3DAssignment\Intro3DAssignment\Debug\link.3968-cvtres.write.1.tlog
T:\Year2\IntroTo3D\Week8\Intro3DAssignment\Intro3DAssignment\Debug\link.4024.read.1.tlog
T:\Year2\IntroTo3D\Week8\Intro3DAssignment\Intro3DAssignment\Debug\link.4024.write.1.tlog
T:\Year2\IntroTo3D\Week8\Intro3DAssignment\Intro3DAssignment\Debug\link.4024-cvtres.read.1.tlog
T:\Year2\IntroTo3D\Week8\Intro3DAssignment\Intro3DAssignment\Debug\link.4024-cvtres.write.1.tlog
T:\Year2\IntroTo3D\Week8\Intro3DAssignment\Intro3DAssignment\Debug\link.4028.read.1.tlog
T:\Year2\IntroTo3D\Week8\Intro3DAssignment\Intro3DAssignment\Debug\link.4028.write.1.tlog
T:\Year2\IntroTo3D\Week8\Intro3DAssignment\Intro3DAssignment\Debug\link.4028-cvtres.read.1.tlog
T:\Year2\IntroTo3D\Week8\Intro3DAssignment\Intro3DAssignment\Debug\link.4028-cvtres.write.1.tlog
T:\Year2\IntroTo3D\Week8\Intro3DAssignment\Intro3DAssignment\Debug\link.4108.read.1.tlog
T:\Year2\IntroTo3D\Week8\Intro3DAssignment\Intro3DAssignment\Debug\link.4108.write.1.tlog
T:\Year2\IntroTo3D\Week8\Intro3DAssignment\Intro3DAssignment\Debug\link.4108-cvtres.read.1.tlog
T:\Year2\IntroTo3D\Week8\Intro3DAssignment\Intro3DAssignment\Debug\link.4108-cvtres.write.1.tlog
T:\Year2\IntroTo3D\Week8\Intro3DAssignment\Intro3DAssignment\Debug\link.4148.read.1.tlog
T:\Year2\IntroTo3D\Week8\Intro3DAssignment\Intro3DAssignment\Debug\link.4148.write.1.tlog
T:\Year2\IntroTo3D\Week8\Intro3DAssignment\Intro3DAssignment\Debug\link.4148-cvtres.read.1.tlog
T:\Year2\IntroTo3D\Week8\Intro3DAssignment\Intro3DAssignment\Debug\link.4148-cvtres.write.1.tlog
T:\Year2\IntroTo3D\Week8\Intro3DAssignment\Intro3DAssignment\Debug\link.4204.read.1.tlog
T:\Year2\IntroTo3D\Week8\Intro3DAssignment\Intro3DAssignment\Debug\link.4204.write.1.tlog
T:\Year2\IntroTo3D\Week8\Intro3DAssignment\Intro3DAssignment\Debug\link.4204-cvtres.read.1.tlog
T:\Year2\IntroTo3D\Week8\Intro3DAssignment\Intro3DAssignment\Debug\link.4204-cvtres.write.1.tlog
T:\Year2\IntroTo3D\Week8\Intro3DAssignment\Intro3DAssignment\Debug\link.4272.read.1.tlog
T:\Year2\IntroTo3D\Week8\Intro3DAssignment\Intro3DAssignment\Debug\link.4272.write.1.tlog
T:\Year2\IntroTo3D\Week8\Intro3DAssignment\Intro3DAssignment\Debug\link.4272-cvtres.read.1.tlog
T:\Year2\IntroTo3D\Week8\Intro3DAssignment\Intro3DAssignment\Debug\link.4272-cvtres.write.1.tlog
T:\Year2\IntroTo3D\Week8\Intro3DAssignment\Intro3DAssignment\Debug\link.4372.read.1.tlog
T:\Year2\IntroTo3D\Week8\Intro3DAssignment\Intro3DAssignment\Debug\link.4372.write.1.tlog
T:\Year2\IntroTo3D\Week8\Intro3DAssignment\Intro3DAssignment\Debug\link.4372-cvtres.read.1.tlog
T:\Year2\IntroTo3D\Week8\Intro3DAssignment\Intro3DAssignment\Debug\link.4372-cvtres.write.1.tlog
T:\Year2\IntroTo3D\Week8\Intro3DAssignment\Intro3DAssignment\Debug\link.4448.read.1.tlog
T:\Year2\IntroTo3D\Week8\Intro3DAssignment\Intro3DAssignment\Debug\link.4448.write.1.tlog
T:\Year2\IntroTo3D\Week8\Intro3DAssignment\Intro3DAssignment\Debug\link.4448-cvtres.read.1.tlog
T:\Year2\IntroTo3D\Week8\Intro3DAssignment\Intro3DAssignment\Debug\link.4448-cvtres.write.1.tlog
T:\Year2\IntroTo3D\Week8\Intro3DAssignment\Intro3DAssignment\Debug\link.4808.read.1.tlog
T:\Year2\IntroTo3D\Week8\Intro3DAssignment\Intro3DAssignment\Debug\link.4808.write.1.tlog
T:\Year2\IntroTo3D\Week8\Intro3DAssignment\Intro3DAssignment\Debug\link.4808-cvtres.read.1.tlog
T:\Year2\IntroTo3D\Week8\Intro3DAssignment\Intro3DAssignment\Debug\link.4808-cvtres.write.1.tlog
T:\Year2\IntroTo3D\Week8\Intro3DAssignment\Intro3DAssignment\Debug\link.4892.read.1.tlog
T:\Year2\IntroTo3D\Week8\Intro3DAssignment\Intro3DAssignment\Debug\link.4892.write.1.tlog
T:\Year2\IntroTo3D\Week8\Intro3DAssignment\Intro3DAssignment\Debug\link.4892-cvtres.read.1.tlog
T:\Year2\IntroTo3D\Week8\Intro3DAssignment\Intro3DAssignment\Debug\link.4892-cvtres.write.1.tlog
T:\Year2\IntroTo3D\Week8\Intro3DAssignment\Intro3DAssignment\Debug\link.4928.read.1.tlog
T:\Year2\IntroTo3D\Week8\Intro3DAssignment\Intro3DAssignment\Debug\link.4928.write.1.tlog
T:\Year2\IntroTo3D\Week8\Intro3DAssignment\Intro3DAssignment\Debug\link.4928-cvtres.read.1.tlog
T:\Year2\IntroTo3D\Week8\Intro3DAssignment\Intro3DAssignment\Debug\link.4928-cvtres.write.1.tlog
T:\Year2\IntroTo3D\Week8\Intro3DAssignment\Intro3DAssignment\Debug\link.4972.read.1.tlog
T:\Year2\IntroTo3D\Week8\Intro3DAssignment\Intro3DAssignment\Debug\link.4972.write.1.tlog
T:\Year2\IntroTo3D\Week8\Intro3DAssignment\Intro3DAssignment\Debug\link.4972-cvtres.read.1.tlog
T:\Year2\IntroTo3D\Week8\Intro3DAssignment\Intro3DAssignment\Debug\link.4972-cvtres.write.1.tlog
T:\Year2\IntroTo3D\Week8\Intro3DAssignment\Intro3DAssignment\Debug\link.5068.read.1.tlog
T:\Year2\IntroTo3D\Week8\Intro3DAssignment\Intro3DAssignment\Debug\link.5068.write.1.tlog
T:\Year2\IntroTo3D\Week8\Intro3DAssignment\Intro3DAssignment\Debug\link.5068-cvtres.read.1.tlog
T:\Year2\IntroTo3D\Week8\Intro3DAssignment\Intro3DAssignment\Debug\link.5068-cvtres.write.1.tlog
T:\Year2\IntroTo3D\Week8\Intro3DAssignment\Intro3DAssignment\Debug\link.5268.read.1.tlog
T:\Year2\IntroTo3D\Week8\Intro3DAssignment\Intro3DAssignment\Debug\link.5268.write.1.tlog
T:\Year2\IntroTo3D\Week8\Intro3DAssignment\Intro3DAssignment\Debug\link.5268-cvtres.read.1.tlog
T:\Year2\IntroTo3D\Week8\Intro3DAssignment\Intro3DAssignment\Debug\link.5268-cvtres.write.1.tlog
T:\Year2\IntroTo3D\Week8\Intro3DAssignment\Intro3DAssignment\Debug\link.5388.read.1.tlog
T:\Year2\IntroTo3D\Week8\Intro3DAssignment\Intro3DAssignment\Debug\link.5388.write.1.tlog
T:\Year2\IntroTo3D\Week8\Intro3DAssignment\Intro3DAssignment\Debug\link.5388-cvtres.read.1.tlog
T:\Year2\IntroTo3D\Week8\Intro3DAssignment\Intro3DAssignment\Debug\link.5388-cvtres.write.1.tlog
T:\Year2\IntroTo3D\Week8\Intro3DAssignment\Intro3DAssignment\Debug\link.5432.read.1.tlog
T:\Year2\IntroTo3D\Week8\Intro3DAssignment\Intro3DAssignment\Debug\link.5432.write.1.tlog
T:\Year2\IntroTo3D\Week8\Intro3DAssignment\Intro3DAssignment\Debug\link.5432-cvtres.read.1.tlog
T:\Year2\IntroTo3D\Week8\Intro3DAssignment\Intro3DAssignment\Debug\link.5432-cvtres.write.1.tlog
T:\Year2\IntroTo3D\Week8\Intro3DAssignment\Intro3DAssignment\Debug\link.5472.read.1.tlog
T:\Year2\IntroTo3D\Week8\Intro3DAssignment\Intro3DAssignment\Debug\link.5472.write.1.tlog
T:\Year2\IntroTo3D\Week8\Intro3DAssignment\Intro3DAssignment\Debug\link.5472-cvtres.read.1.tlog
T:\Year2\IntroTo3D\Week8\Intro3DAssignment\Intro3DAssignment\Debug\link.5472-cvtres.write.1.tlog
T:\Year2\IntroTo3D\Week8\Intro3DAssignment\Intro3DAssignment\Debug\link.5768.read.1.tlog
T:\Year2\IntroTo3D\Week8\Intro3DAssignment\Intro3DAssignment\Debug\link.5768.write.1.tlog
T:\Year2\IntroTo3D\Week8\Intro3DAssignment\Intro3DAssignment\Debug\link.5768-cvtres.read.1.tlog
T:\Year2\IntroTo3D\Week8\Intro3DAssignment\Intro3DAssignment\Debug\link.5768-cvtres.write.1.tlog
T:\Year2\IntroTo3D\Week8\Intro3DAssignment\Intro3DAssignment\Debug\link.5804.read.1.tlog
T:\Year2\IntroTo3D\Week8\Intro3DAssignment\Intro3DAssignment\Debug\link.5804.write.1.tlog
T:\Year2\IntroTo3D\Week8\Intro3DAssignment\Intro3DAssignment\Debug\link.5804-cvtres.read.1.tlog
T:\Year2\IntroTo3D\Week8\Intro3DAssignment\Intro3DAssignment\Debug\link.5804-cvtres.write.1.tlog
T:\Year2\IntroTo3D\Week8\Intro3DAssignment\Intro3DAssignment\Debug\link.5832.read.1.tlog
T:\Year2\IntroTo3D\Week8\Intro3DAssignment\Intro3DAssignment\Debug\link.5832.write.1.tlog
T:\Year2\IntroTo3D\Week8\Intro3DAssignment\Intro3DAssignment\Debug\link.5832-cvtres.read.1.tlog
T:\Year2\IntroTo3D\Week8\Intro3DAssignment\Intro3DAssignment\Debug\link.5832-cvtres.write.1.tlog
T:\Year2\IntroTo3D\Week8\Intro3DAssignment\Intro3DAssignment\Debug\link.5852.read.1.tlog
T:\Year2\IntroTo3D\Week8\Intro3DAssignment\Intro3DAssignment\Debug\link.5852.write.1.tlog
T:\Year2\IntroTo3D\Week8\Intro3DAssignment\Intro3DAssignment\Debug\link.5852-cvtres.read.1.tlog
T:\Year2\IntroTo3D\Week8\Intro3DAssignment\Intro3DAssignment\Debug\link.5852-cvtres.write.1.tlog
T:\Year2\IntroTo3D\Week8\Intro3DAssignment\Intro3DAssignment\Debug\link.5904.read.1.tlog
T:\Year2\IntroTo3D\Week8\Intro3DAssignment\Intro3DAssignment\Debug\link.5904.write.1.tlog
T:\Year2\IntroTo3D\Week8\Intro3DAssignment\Intro3DAssignment\Debug\link.5904-cvtres.read.1.tlog
T:\Year2\IntroTo3D\Week8\Intro3DAssignment\Intro3DAssignment\Debug\link.5904-cvtres.write.1.tlog
T:\Year2\IntroTo3D\Week8\Intro3DAssignment\Intro3DAssignment\Debug\link.5936.read.1.tlog
T:\Year2\IntroTo3D\Week8\Intro3DAssignment\Intro3DAssignment\Debug\link.5936.write.1.tlog
T:\Year2\IntroTo3D\Week8\Intro3DAssignment\Intro3DAssignment\Debug\link.5936-cvtres.read.1.tlog
T:\Year2\IntroTo3D\Week8\Intro3DAssignment\Intro3DAssignment\Debug\link.5936-cvtres.write.1.tlog
T:\Year2\IntroTo3D\Week8\Intro3DAssignment\Intro3DAssignment\Debug\link.6096.read.1.tlog
T:\Year2\IntroTo3D\Week8\Intro3DAssignment\Intro3DAssignment\Debug\link.6096.write.1.tlog
T:\Year2\IntroTo3D\Week8\Intro3DAssignment\Intro3DAssignment\Debug\link.6096-cvtres.read.1.tlog
T:\Year2\IntroTo3D\Week8\Intro3DAssignment\Intro3DAssignment\Debug\link.6096-cvtres.write.1.tlog
T:\Year2\IntroTo3D\Week8\Intro3DAssignment\Intro3DAssignment\Debug\link.616.read.1.tlog
T:\Year2\IntroTo3D\Week8\Intro3DAssignment\Intro3DAssignment\Debug\link.616.write.1.tlog
T:\Year2\IntroTo3D\Week8\Intro3DAssignment\Intro3DAssignment\Debug\link.616-cvtres.read.1.tlog
T:\Year2\IntroTo3D\Week8\Intro3DAssignment\Intro3DAssignment\Debug\link.616-cvtres.write.1.tlog
T:\Year2\IntroTo3D\Week8\Intro3DAssignment\Intro3DAssignment\Debug\link.6780.read.1.tlog
T:\Year2\IntroTo3D\Week8\Intro3DAssignment\Intro3DAssignment\Debug\link.6780.write.1.tlog
T:\Year2\IntroTo3D\Week8\Intro3DAssignment\Intro3DAssignment\Debug\link.6780-cvtres.read.1.tlog
T:\Year2\IntroTo3D\Week8\Intro3DAssignment\Intro3DAssignment\Debug\link.6780-cvtres.write.1.tlog
T:\Year2\IntroTo3D\Week8\Intro3DAssignment\Intro3DAssignment\Debug\link.748.read.1.tlog
T:\Year2\IntroTo3D\Week8\Intro3DAssignment\Intro3DAssignment\Debug\link.748.write.1.tlog
T:\Year2\IntroTo3D\Week8\Intro3DAssignment\Intro3DAssignment\Debug\link.748-cvtres.read.1.tlog
T:\Year2\IntroTo3D\Week8\Intro3DAssignment\Intro3DAssignment\Debug\link.748-cvtres.write.1.tlog
T:\Year2\IntroTo3D\Week8\Intro3DAssignment\Intro3DAssignment\Debug\link.820.read.1.tlog
T:\Year2\IntroTo3D\Week8\Intro3DAssignment\Intro3DAssignment\Debug\link.820.write.1.tlog
T:\Year2\IntroTo3D\Week8\Intro3DAssignment\Intro3DAssignment\Debug\link.820-cvtres.read.1.tlog
T:\Year2\IntroTo3D\Week8\Intro3DAssignment\Intro3DAssignment\Debug\link.820-cvtres.write.1.tlog
T:\Year2\IntroTo3D\Week8\Intro3DAssignment\Intro3DAssignment\Debug\link.command.1.tlog
T:\Year2\IntroTo3D\Week8\Intro3DAssignment\Intro3DAssignment\Debug\link.read.1.tlog
T:\Year2\IntroTo3D\Week8\Intro3DAssignment\Intro3DAssignment\Debug\link.write.1.tlog
T:\Year2\IntroTo3D\Week8\Intro3DAssignment\Intro3DAssignment\Debug\link-cvtres.read.1.tlog
T:\Year2\IntroTo3D\Week8\Intro3DAssignment\Intro3DAssignment\Debug\link-cvtres.write.1.tlog
T:\YEAR2\INTROTO3D\WEEK8\INTRO3DASSIGNMENT\INTRO3DASSIGNMENT\DEBUG\MATRIX3D.OBJ
T:\YEAR2\INTROTO3D\WEEK8\INTRO3DASSIGNMENT\INTRO3DASSIGNMENT\DEBUG\MD2LOADER.OBJ
T:\YEAR2\INTROTO3D\WEEK8\INTRO3DASSIGNMENT\INTRO3DASSIGNMENT\DEBUG\MODEL3D.OBJ
T:\Year2\IntroTo3D\Week8\Intro3DAssignment\Intro3DAssignment\Debug\mt.command.1.tlog
T:\Year2\IntroTo3D\Week8\Intro3DAssignment\Intro3DAssignment\Debug\mt.read.1.tlog
T:\Year2\IntroTo3D\Week8\Intro3DAssignment\Intro3DAssignment\Debug\mt.write.1.tlog
T:\YEAR2\INTROTO3D\WEEK8\INTRO3DASSIGNMENT\INTRO3DASSIGNMENT\DEBUG\POINTLIGHT.OBJ
T:\YEAR2\INTROTO3D\WEEK8\INTRO3DASSIGNMENT\INTRO3DASSIGNMENT\DEBUG\POLYGON3D.OBJ
T:\YEAR2\INTROTO3D\WEEK8\INTRO3DASSIGNMENT\INTRO3DASSIGNMENT\DEBUG\RASTERIZER.OBJ
T:\Year2\IntroTo3D\Week8\Intro3DAssignment\Intro3DAssignment\Debug\rc.command.1.tlog
T:\Year2\IntroTo3D\Week8\Intro3DAssignment\Intro3DAssignment\Debug\rc.read.1.tlog
T:\Year2\IntroTo3D\Week8\Intro3DAssignment\Intro3DAssignment\Debug\rc.write.1.tlog
T:\YEAR2\INTROTO3D\WEEK8\INTRO3DASSIGNMENT\INTRO3DASSIGNMENT\DEBUG\STDAFX.OBJ
T:\YEAR2\INTROTO3D\WEEK8\INTRO3DASSIGNMENT\INTRO3DASSIGNMENT\DEBUG\TEXELS.OBJ
T:\Year2\IntroTo3D\Week8\Intro3DAssignment\Intro3DAssignment\Debug\vc100.idb
T:\YEAR2\INTROTO3D\WEEK8\INTRO3DASSIGNMENT\INTRO3DASSIGNMENT\DEBUG\VC100.PDB
T:\YEAR2\INTROTO3D\WEEK8\INTRO3DASSIGNMENT\INTRO3DASSIGNMENT\DEBUG\VECTOR3D.OBJ
T:\YEAR2\INTROTO3D\WEEK8\INTRO3DASSIGNMENT\INTRO3DASSIGNMENT\DEBUG\VERTEX.OBJ
